[2022-10-16T17:56:09.761986+00:00] php2_logger.DEBUG: Search user search 2022-10-16 17:56:09 [] []
[2022-10-16T17:56:09.764510+00:00] php2_logger.INFO: User found: 1 [] []
[2022-10-16T17:56:09.765188+00:00] php2_logger.DEBUG: Finish user search 2022-10-16 17:56:09 [] []
[2022-10-16T17:57:25.922357+00:00] php2_logger.DEBUG: Search user search 2022-10-16 17:57:25 [] []
[2022-10-16T17:57:25.924565+00:00] php2_logger.INFO: User found: 1 [] []
[2022-10-16T17:57:25.925274+00:00] php2_logger.DEBUG: Finish user search 2022-10-16 17:57:25 [] []
[2022-10-16T17:58:27.637422+00:00] php2_logger.DEBUG: Search user search 2022-10-16 17:58:27 [] []
[2022-10-16T17:58:35.605604+00:00] php2_logger.DEBUG: Search user search 2022-10-16 17:58:35 [] []
[2022-10-16T17:58:35.606942+00:00] php2_logger.ERROR: No such query param in the request: email2022-10-16 17:58:35 [] []
[2022-10-17T12:03:55.649074+00:00] php2_logger.DEBUG: Search user search 2022-10-17 12:03:55 [] []
[2022-10-17T12:03:55.656759+00:00] php2_logger.INFO: User found: 1 [] []
[2022-10-17T12:03:55.657549+00:00] php2_logger.DEBUG: Finish user search 2022-10-17 12:03:55 [] []
[2022-10-17T12:06:42.454440+00:00] php2_logger.DEBUG: Search user search 2022-10-17 12:06:42 [] []
[2022-10-17T12:06:42.457089+00:00] php2_logger.INFO: User found: 1 [] []
[2022-10-17T12:06:42.457873+00:00] php2_logger.DEBUG: Finish user search 2022-10-17 12:06:42 [] []
[2022-10-17T16:27:36.523197+00:00] php2_logger.ERROR: User already exist: 1@test.ru 2022-10-17 16:27:36 [] []
[2022-10-17T16:28:54.208277+00:00] php2_logger.ERROR: User with id:5 not found2022-10-17 16:28:54 [] []
[2022-10-17T16:38:16.930650+00:00] php2_logger.ERROR: Not found string2022-10-17 16:38:16 [] []
[2022-10-17T16:40:46.182063+00:00] php2_logger.ERROR: Not found string2022-10-17 16:40:46 [] []
[2022-10-17T16:45:05.401498+00:00] php2_logger.ERROR: Not found string2022-10-17 16:45:05 [] []
[2022-10-17T16:46:02.627380+00:00] php2_logger.ERROR: Not found string2022-10-17 16:46:02 [] []
[2022-10-17T16:47:48.237659+00:00] php2_logger.ERROR: Not found string2022-10-17 16:47:48 [] []
[2022-10-17T18:43:10.069567+00:00] php2_logger.ERROR: Not found string2022-10-17 18:43:10 [] []
[2022-10-17T18:45:07.288538+00:00] php2_logger.ERROR: Not found string2022-10-17 18:45:07 [] []
[2022-10-17T18:45:49.411349+00:00] php2_logger.ERROR: Not found string2022-10-17 18:45:49 [] []
[2022-10-17T18:46:55.744545+00:00] php2_logger.ERROR: Not found string2022-10-17 18:46:55 [] []
[2022-10-17T18:51:18.853251+00:00] php2_logger.ERROR: Not found string2022-10-17 18:51:18 [] []
[2022-10-17T18:59:00.242734+00:00] php2_logger.ERROR: Not found string2022-10-17 18:59:00 [] []
[2022-10-17T19:01:38.065970+00:00] php2_logger.ERROR: Not found string2022-10-17 19:01:38 [] []
[2022-10-17T19:09:39.894035+00:00] php2_logger.INFO: User created: 4 [] []
